{"/app/controllers/storyController.js": {"path":"/app/controllers/storyController.js","statementMap":{"0":{"start":{"line":1,"column":14},"end":{"line":1,"column":45}},"1":{"start":{"line":2,"column":26},"end":{"line":2,"column":69}},"2":{"start":{"line":3,"column":61},"end":{"line":3,"column":97}},"3":{"start":{"line":5,"column":30},"end":{"line":164,"column":1}},"4":{"start":{"line":6,"column":20},"end":{"line":6,"column":30}},"5":{"start":{"line":8,"column":2},"end":{"line":8,"column":33}},"6":{"start":{"line":10,"column":2},"end":{"line":163,"column":3}},"7":{"start":{"line":11,"column":91},"end":{"line":11,"column":108}},"8":{"start":{"line":12,"column":19},"end":{"line":12,"column":31}},"9":{"start":{"line":14,"column":4},"end":{"line":14,"column":99}},"10":{"start":{"line":17,"column":4},"end":{"line":22,"column":7}},"11":{"start":{"line":23,"column":4},"end":{"line":23,"column":35}},"12":{"start":{"line":26,"column":20},"end":{"line":26,"column":24}},"13":{"start":{"line":27,"column":22},"end":{"line":27,"column":26}},"14":{"start":{"line":29,"column":4},"end":{"line":72,"column":5}},"15":{"start":{"line":31,"column":28},"end":{"line":31,"column":98}},"16":{"start":{"line":34,"column":6},"end":{"line":34,"column":67}},"17":{"start":{"line":35,"column":6},"end":{"line":35,"column":66}},"18":{"start":{"line":38,"column":6},"end":{"line":48,"column":7}},"19":{"start":{"line":39,"column":8},"end":{"line":45,"column":9}},"20":{"start":{"line":40,"column":10},"end":{"line":40,"column":48}},"21":{"start":{"line":41,"column":10},"end":{"line":41,"column":55}},"22":{"start":{"line":43,"column":10},"end":{"line":43,"column":71}},"23":{"start":{"line":44,"column":10},"end":{"line":44,"column":59}},"24":{"start":{"line":47,"column":8},"end":{"line":47,"column":34}},"25":{"start":{"line":51,"column":6},"end":{"line":54,"column":7}},"26":{"start":{"line":52,"column":8},"end":{"line":52,"column":75}},"27":{"start":{"line":53,"column":8},"end":{"line":53,"column":58}},"28":{"start":{"line":57,"column":6},"end":{"line":57,"column":54}},"29":{"start":{"line":60,"column":6},"end":{"line":68,"column":7}},"30":{"start":{"line":61,"column":8},"end":{"line":67,"column":9}},"31":{"start":{"line":62,"column":10},"end":{"line":62,"column":82}},"32":{"start":{"line":63,"column":10},"end":{"line":63,"column":58}},"33":{"start":{"line":65,"column":10},"end":{"line":65,"column":64}},"34":{"start":{"line":66,"column":10},"end":{"line":66,"column":87}},"35":{"start":{"line":70,"column":6},"end":{"line":70,"column":60}},"36":{"start":{"line":71,"column":6},"end":{"line":71,"column":83}},"37":{"start":{"line":74,"column":20},"end":{"line":74,"column":30}},"38":{"start":{"line":75,"column":21},"end":{"line":75,"column":40}},"39":{"start":{"line":78,"column":21},"end":{"line":83,"column":5}},"40":{"start":{"line":86,"column":21},"end":{"line":86,"column":25}},"41":{"start":{"line":88,"column":4},"end":{"line":137,"column":5}},"42":{"start":{"line":89,"column":24},"end":{"line":89,"column":57}},"43":{"start":{"line":91,"column":6},"end":{"line":91,"column":39}},"44":{"start":{"line":92,"column":6},"end":{"line":92,"column":39}},"45":{"start":{"line":93,"column":6},"end":{"line":93,"column":43}},"46":{"start":{"line":94,"column":6},"end":{"line":94,"column":61}},"47":{"start":{"line":95,"column":6},"end":{"line":95,"column":37}},"48":{"start":{"line":98,"column":21},"end":{"line":98,"column":25}},"49":{"start":{"line":99,"column":26},"end":{"line":99,"column":30}},"50":{"start":{"line":101,"column":6},"end":{"line":108,"column":7}},"51":{"start":{"line":102,"column":8},"end":{"line":102,"column":40}},"52":{"start":{"line":103,"column":8},"end":{"line":103,"column":50}},"53":{"start":{"line":104,"column":8},"end":{"line":104,"column":37}},"54":{"start":{"line":105,"column":8},"end":{"line":105,"column":47}},"55":{"start":{"line":107,"column":8},"end":{"line":107,"column":57}},"56":{"start":{"line":111,"column":6},"end":{"line":129,"column":9}},"57":{"start":{"line":131,"column":6},"end":{"line":131,"column":30}},"58":{"start":{"line":132,"column":6},"end":{"line":132,"column":40}},"59":{"start":{"line":133,"column":6},"end":{"line":133,"column":46}},"60":{"start":{"line":135,"column":6},"end":{"line":135,"column":31}},"61":{"start":{"line":136,"column":6},"end":{"line":136,"column":55}},"62":{"start":{"line":140,"column":4},"end":{"line":140,"column":57}},"63":{"start":{"line":141,"column":4},"end":{"line":141,"column":49}},"64":{"start":{"line":142,"column":4},"end":{"line":142,"column":66}},"65":{"start":{"line":143,"column":4},"end":{"line":143,"column":35}},"66":{"start":{"line":145,"column":4},"end":{"line":145,"column":23}},"67":{"start":{"line":148,"column":4},"end":{"line":148,"column":63}},"68":{"start":{"line":151,"column":4},"end":{"line":156,"column":5}},"69":{"start":{"line":152,"column":6},"end":{"line":152,"column":42}},"70":{"start":{"line":153,"column":6},"end":{"line":153,"column":52}},"71":{"start":{"line":154,"column":6},"end":{"line":154,"column":65}},"72":{"start":{"line":155,"column":6},"end":{"line":155,"column":37}},"73":{"start":{"line":158,"column":4},"end":{"line":162,"column":7}},"74":{"start":{"line":167,"column":23},"end":{"line":186,"column":1}},"75":{"start":{"line":168,"column":1},"end":{"line":185,"column":2}},"76":{"start":{"line":169,"column":18},"end":{"line":169,"column":30}},"77":{"start":{"line":171,"column":19},"end":{"line":172,"column":29}},"78":{"start":{"line":174,"column":3},"end":{"line":178,"column":6}},"79":{"start":{"line":180,"column":3},"end":{"line":180,"column":51}},"80":{"start":{"line":181,"column":3},"end":{"line":184,"column":6}},"81":{"start":{"line":189,"column":17},"end":{"line":214,"column":1}},"82":{"start":{"line":190,"column":2},"end":{"line":213,"column":3}},"83":{"start":{"line":191,"column":19},"end":{"line":191,"column":29}},"84":{"start":{"line":192,"column":19},"end":{"line":192,"column":31}},"85":{"start":{"line":194,"column":18},"end":{"line":194,"column":58}},"86":{"start":{"line":196,"column":4},"end":{"line":201,"column":5}},"87":{"start":{"line":197,"column":6},"end":{"line":200,"column":9}},"88":{"start":{"line":203,"column":4},"end":{"line":206,"column":7}},"89":{"start":{"line":208,"column":4},"end":{"line":208,"column":50}},"90":{"start":{"line":209,"column":4},"end":{"line":212,"column":7}},"91":{"start":{"line":217,"column":18},"end":{"line":247,"column":1}},"92":{"start":{"line":218,"column":2},"end":{"line":246,"column":3}},"93":{"start":{"line":219,"column":19},"end":{"line":219,"column":29}},"94":{"start":{"line":220,"column":19},"end":{"line":220,"column":30}},"95":{"start":{"line":222,"column":18},"end":{"line":226,"column":5}},"96":{"start":{"line":228,"column":4},"end":{"line":233,"column":5}},"97":{"start":{"line":229,"column":6},"end":{"line":232,"column":9}},"98":{"start":{"line":235,"column":4},"end":{"line":239,"column":7}},"99":{"start":{"line":241,"column":4},"end":{"line":241,"column":48}},"100":{"start":{"line":242,"column":4},"end":{"line":245,"column":7}},"101":{"start":{"line":250,"column":20},"end":{"line":279,"column":1}},"102":{"start":{"line":251,"column":2},"end":{"line":278,"column":3}},"103":{"start":{"line":252,"column":19},"end":{"line":252,"column":29}},"104":{"start":{"line":253,"column":19},"end":{"line":253,"column":30}},"105":{"start":{"line":255,"column":18},"end":{"line":258,"column":6}},"106":{"start":{"line":260,"column":4},"end":{"line":265,"column":5}},"107":{"start":{"line":261,"column":6},"end":{"line":264,"column":9}},"108":{"start":{"line":267,"column":4},"end":{"line":271,"column":7}},"109":{"start":{"line":273,"column":4},"end":{"line":273,"column":50}},"110":{"start":{"line":274,"column":4},"end":{"line":277,"column":7}},"111":{"start":{"line":291,"column":17},"end":{"line":291,"column":19}},"112":{"start":{"line":292,"column":25},"end":{"line":292,"column":47}},"113":{"start":{"line":295,"column":2},"end":{"line":297,"column":3}},"114":{"start":{"line":296,"column":4},"end":{"line":296,"column":41}},"115":{"start":{"line":299,"column":2},"end":{"line":301,"column":3}},"116":{"start":{"line":300,"column":4},"end":{"line":300,"column":39}},"117":{"start":{"line":303,"column":2},"end":{"line":305,"column":3}},"118":{"start":{"line":304,"column":4},"end":{"line":304,"column":37}},"119":{"start":{"line":308,"column":2},"end":{"line":310,"column":3}},"120":{"start":{"line":309,"column":4},"end":{"line":309,"column":69}},"121":{"start":{"line":312,"column":2},"end":{"line":315,"column":4}},"122":{"start":{"line":329,"column":2},"end":{"line":376,"column":3}},"123":{"start":{"line":331,"column":23},"end":{"line":331,"column":54}},"124":{"start":{"line":333,"column":4},"end":{"line":335,"column":5}},"125":{"start":{"line":334,"column":6},"end":{"line":334,"column":76}},"126":{"start":{"line":338,"column":26},"end":{"line":338,"column":63}},"127":{"start":{"line":342,"column":4},"end":{"line":346,"column":5}},"128":{"start":{"line":343,"column":6},"end":{"line":343,"column":44}},"129":{"start":{"line":345,"column":6},"end":{"line":345,"column":79}},"130":{"start":{"line":349,"column":27},"end":{"line":349,"column":76}},"131":{"start":{"line":350,"column":26},"end":{"line":350,"column":109}},"132":{"start":{"line":350,"column":57},"end":{"line":350,"column":108}},"133":{"start":{"line":352,"column":4},"end":{"line":354,"column":5}},"134":{"start":{"line":353,"column":6},"end":{"line":353,"column":56}},"135":{"start":{"line":356,"column":4},"end":{"line":356,"column":21}},"136":{"start":{"line":360,"column":4},"end":{"line":362,"column":5}},"137":{"start":{"line":361,"column":6},"end":{"line":361,"column":18}},"138":{"start":{"line":365,"column":4},"end":{"line":367,"column":5}},"139":{"start":{"line":366,"column":6},"end":{"line":366,"column":18}},"140":{"start":{"line":370,"column":4},"end":{"line":372,"column":5}},"141":{"start":{"line":371,"column":6},"end":{"line":371,"column":18}},"142":{"start":{"line":375,"column":4},"end":{"line":375,"column":65}},"143":{"start":{"line":379,"column":0},"end":{"line":388,"column":2}}},"fnMap":{"0":{"name":"(anonymous_0)","decl":{"start":{"line":5,"column":30},"end":{"line":5,"column":31}},"loc":{"start":{"line":5,"column":50},"end":{"line":164,"column":1}},"line":5},"1":{"name":"(anonymous_1)","decl":{"start":{"line":167,"column":23},"end":{"line":167,"column":24}},"loc":{"start":{"line":167,"column":43},"end":{"line":186,"column":1}},"line":167},"2":{"name":"(anonymous_2)","decl":{"start":{"line":189,"column":17},"end":{"line":189,"column":18}},"loc":{"start":{"line":189,"column":37},"end":{"line":214,"column":1}},"line":189},"3":{"name":"(anonymous_3)","decl":{"start":{"line":217,"column":18},"end":{"line":217,"column":19}},"loc":{"start":{"line":217,"column":38},"end":{"line":247,"column":1}},"line":217},"4":{"name":"(anonymous_4)","decl":{"start":{"line":250,"column":20},"end":{"line":250,"column":21}},"loc":{"start":{"line":250,"column":40},"end":{"line":279,"column":1}},"line":250},"5":{"name":"validateStoryParameters","decl":{"start":{"line":290,"column":9},"end":{"line":290,"column":32}},"loc":{"start":{"line":290,"column":41},"end":{"line":316,"column":1}},"line":290},"6":{"name":"generateStoryData","decl":{"start":{"line":328,"column":15},"end":{"line":328,"column":32}},"loc":{"start":{"line":328,"column":41},"end":{"line":377,"column":1}},"line":328},"7":{"name":"(anonymous_7)","decl":{"start":{"line":350,"column":48},"end":{"line":350,"column":49}},"loc":{"start":{"line":350,"column":57},"end":{"line":350,"column":108}},"line":350}},"branchMap":{"0":{"loc":{"start":{"line":11,"column":39},"end":{"line":11,"column":55}},"type":"default-arg","locations":[{"start":{"line":11,"column":50},"end":{"line":11,"column":55}}],"line":11},"1":{"loc":{"start":{"line":11,"column":57},"end":{"line":11,"column":77}},"type":"default-arg","locations":[{"start":{"line":11,"column":65},"end":{"line":11,"column":77}}],"line":11},"2":{"loc":{"start":{"line":38,"column":6},"end":{"line":48,"column":7}},"type":"if","locations":[{"start":{"line":38,"column":6},"end":{"line":48,"column":7}},{"start":{"line":46,"column":13},"end":{"line":48,"column":7}}],"line":38},"3":{"loc":{"start":{"line":51,"column":6},"end":{"line":54,"column":7}},"type":"if","locations":[{"start":{"line":51,"column":6},"end":{"line":54,"column":7}},{"start":{},"end":{}}],"line":51},"4":{"loc":{"start":{"line":51,"column":10},"end":{"line":51,"column":91}},"type":"binary-expr","locations":[{"start":{"line":51,"column":10},"end":{"line":51,"column":20}},{"start":{"line":51,"column":24},"end":{"line":51,"column":40}},{"start":{"line":51,"column":44},"end":{"line":51,"column":60}},{"start":{"line":51,"column":64},"end":{"line":51,"column":91}}],"line":51},"5":{"loc":{"start":{"line":60,"column":6},"end":{"line":68,"column":7}},"type":"if","locations":[{"start":{"line":60,"column":6},"end":{"line":68,"column":7}},{"start":{},"end":{}}],"line":60},"6":{"loc":{"start":{"line":60,"column":10},"end":{"line":60,"column":49}},"type":"binary-expr","locations":[{"start":{"line":60,"column":10},"end":{"line":60,"column":19}},{"start":{"line":60,"column":23},"end":{"line":60,"column":49}}],"line":60},"7":{"loc":{"start":{"line":66,"column":49},"end":{"line":66,"column":86}},"type":"binary-expr","locations":[{"start":{"line":66,"column":49},"end":{"line":66,"column":67}},{"start":{"line":66,"column":71},"end":{"line":66,"column":86}}],"line":66},"8":{"loc":{"start":{"line":71,"column":45},"end":{"line":71,"column":82}},"type":"binary-expr","locations":[{"start":{"line":71,"column":45},"end":{"line":71,"column":63}},{"start":{"line":71,"column":67},"end":{"line":71,"column":82}}],"line":71},"9":{"loc":{"start":{"line":88,"column":4},"end":{"line":137,"column":5}},"type":"if","locations":[{"start":{"line":88,"column":4},"end":{"line":137,"column":5}},{"start":{"line":134,"column":11},"end":{"line":137,"column":5}}],"line":88},"10":{"loc":{"start":{"line":101,"column":6},"end":{"line":108,"column":7}},"type":"if","locations":[{"start":{"line":101,"column":6},"end":{"line":108,"column":7}},{"start":{"line":106,"column":13},"end":{"line":108,"column":7}}],"line":101},"11":{"loc":{"start":{"line":113,"column":17},"end":{"line":113,"column":32}},"type":"binary-expr","locations":[{"start":{"line":113,"column":17},"end":{"line":113,"column":24}},{"start":{"line":113,"column":28},"end":{"line":113,"column":32}}],"line":113},"12":{"loc":{"start":{"line":126,"column":23},"end":{"line":126,"column":44}},"type":"binary-expr","locations":[{"start":{"line":126,"column":23},"end":{"line":126,"column":32}},{"start":{"line":126,"column":36},"end":{"line":126,"column":44}}],"line":126},"13":{"loc":{"start":{"line":142,"column":31},"end":{"line":142,"column":65}},"type":"cond-expr","locations":[{"start":{"line":142,"column":43},"end":{"line":142,"column":54}},{"start":{"line":142,"column":57},"end":{"line":142,"column":65}}],"line":142},"14":{"loc":{"start":{"line":151,"column":4},"end":{"line":156,"column":5}},"type":"if","locations":[{"start":{"line":151,"column":4},"end":{"line":156,"column":5}},{"start":{},"end":{}}],"line":151},"15":{"loc":{"start":{"line":161,"column":15},"end":{"line":161,"column":81}},"type":"cond-expr","locations":[{"start":{"line":161,"column":56},"end":{"line":161,"column":69}},{"start":{"line":161,"column":72},"end":{"line":161,"column":81}}],"line":161},"16":{"loc":{"start":{"line":196,"column":4},"end":{"line":201,"column":5}},"type":"if","locations":[{"start":{"line":196,"column":4},"end":{"line":201,"column":5}},{"start":{},"end":{}}],"line":196},"17":{"loc":{"start":{"line":228,"column":4},"end":{"line":233,"column":5}},"type":"if","locations":[{"start":{"line":228,"column":4},"end":{"line":233,"column":5}},{"start":{},"end":{}}],"line":228},"18":{"loc":{"start":{"line":260,"column":4},"end":{"line":265,"column":5}},"type":"if","locations":[{"start":{"line":260,"column":4},"end":{"line":265,"column":5}},{"start":{},"end":{}}],"line":260},"19":{"loc":{"start":{"line":295,"column":2},"end":{"line":297,"column":3}},"type":"if","locations":[{"start":{"line":295,"column":2},"end":{"line":297,"column":3}},{"start":{},"end":{}}],"line":295},"20":{"loc":{"start":{"line":295,"column":6},"end":{"line":295,"column":57}},"type":"binary-expr","locations":[{"start":{"line":295,"column":6},"end":{"line":295,"column":23}},{"start":{"line":295,"column":27},"end":{"line":295,"column":57}}],"line":295},"21":{"loc":{"start":{"line":299,"column":2},"end":{"line":301,"column":3}},"type":"if","locations":[{"start":{"line":299,"column":2},"end":{"line":301,"column":3}},{"start":{},"end":{}}],"line":299},"22":{"loc":{"start":{"line":299,"column":6},"end":{"line":299,"column":53}},"type":"binary-expr","locations":[{"start":{"line":299,"column":6},"end":{"line":299,"column":21}},{"start":{"line":299,"column":25},"end":{"line":299,"column":53}}],"line":299},"23":{"loc":{"start":{"line":303,"column":2},"end":{"line":305,"column":3}},"type":"if","locations":[{"start":{"line":303,"column":2},"end":{"line":305,"column":3}},{"start":{},"end":{}}],"line":303},"24":{"loc":{"start":{"line":303,"column":6},"end":{"line":303,"column":49}},"type":"binary-expr","locations":[{"start":{"line":303,"column":6},"end":{"line":303,"column":19}},{"start":{"line":303,"column":23},"end":{"line":303,"column":49}}],"line":303},"25":{"loc":{"start":{"line":308,"column":2},"end":{"line":310,"column":3}},"type":"if","locations":[{"start":{"line":308,"column":2},"end":{"line":310,"column":3}},{"start":{},"end":{}}],"line":308},"26":{"loc":{"start":{"line":333,"column":4},"end":{"line":335,"column":5}},"type":"if","locations":[{"start":{"line":333,"column":4},"end":{"line":335,"column":5}},{"start":{},"end":{}}],"line":333},"27":{"loc":{"start":{"line":350,"column":57},"end":{"line":350,"column":108}},"type":"binary-expr","locations":[{"start":{"line":350,"column":57},"end":{"line":350,"column":74}},{"start":{"line":350,"column":78},"end":{"line":350,"column":108}}],"line":350},"28":{"loc":{"start":{"line":352,"column":4},"end":{"line":354,"column":5}},"type":"if","locations":[{"start":{"line":352,"column":4},"end":{"line":354,"column":5}},{"start":{},"end":{}}],"line":352},"29":{"loc":{"start":{"line":360,"column":4},"end":{"line":362,"column":5}},"type":"if","locations":[{"start":{"line":360,"column":4},"end":{"line":362,"column":5}},{"start":{},"end":{}}],"line":360},"30":{"loc":{"start":{"line":365,"column":4},"end":{"line":367,"column":5}},"type":"if","locations":[{"start":{"line":365,"column":4},"end":{"line":367,"column":5}},{"start":{},"end":{}}],"line":365},"31":{"loc":{"start":{"line":370,"column":4},"end":{"line":372,"column":5}},"type":"if","locations":[{"start":{"line":370,"column":4},"end":{"line":372,"column":5}},{"start":{},"end":{}}],"line":370}},"s":{"0":0,"1":0,"2":0,"3":0,"4":0,"5":0,"6":0,"7":0,"8":0,"9":0,"10":0,"11":0,"12":0,"13":0,"14":0,"15":0,"16":0,"17":0,"18":0,"19":0,"20":0,"21":0,"22":0,"23":0,"24":0,"25":0,"26":0,"27":0,"28":0,"29":0,"30":0,"31":0,"32":0,"33":0,"34":0,"35":0,"36":0,"37":0,"38":0,"39":0,"40":0,"41":0,"42":0,"43":0,"44":0,"45":0,"46":0,"47":0,"48":0,"49":0,"50":0,"51":0,"52":0,"53":0,"54":0,"55":0,"56":0,"57":0,"58":0,"59":0,"60":0,"61":0,"62":0,"63":0,"64":0,"65":0,"66":0,"67":0,"68":0,"69":0,"70":0,"71":0,"72":0,"73":0,"74":0,"75":0,"76":0,"77":0,"78":0,"79":0,"80":0,"81":0,"82":0,"83":0,"84":0,"85":0,"86":0,"87":0,"88":0,"89":0,"90":0,"91":0,"92":0,"93":0,"94":0,"95":0,"96":0,"97":0,"98":0,"99":0,"100":0,"101":0,"102":0,"103":0,"104":0,"105":0,"106":0,"107":0,"108":0,"109":0,"110":0,"111":0,"112":0,"113":0,"114":0,"115":0,"116":0,"117":0,"118":0,"119":0,"120":0,"121":0,"122":0,"123":0,"124":0,"125":0,"126":0,"127":0,"128":0,"129":0,"130":0,"131":0,"132":0,"133":0,"134":0,"135":0,"136":0,"137":0,"138":0,"139":0,"140":0,"141":0,"142":0,"143":0},"f":{"0":0,"1":0,"2":0,"3":0,"4":0,"5":0,"6":0,"7":0},"b":{"0":[0],"1":[0],"2":[0,0],"3":[0,0],"4":[0,0,0,0],"5":[0,0],"6":[0,0],"7":[0,0],"8":[0,0],"9":[0,0],"10":[0,0],"11":[0,0],"12":[0,0],"13":[0,0],"14":[0,0],"15":[0,0],"16":[0,0],"17":[0,0],"18":[0,0],"19":[0,0],"20":[0,0],"21":[0,0],"22":[0,0],"23":[0,0],"24":[0,0],"25":[0,0],"26":[0,0],"27":[0,0],"28":[0,0],"29":[0,0],"30":[0,0],"31":[0,0]}}
,"/app/controllers/userController.js": {"path":"/app/controllers/userController.js","statementMap":{"0":{"start":{"line":1,"column":13},"end":{"line":1,"column":43}},"1":{"start":{"line":2,"column":12},"end":{"line":2,"column":35}},"2":{"start":{"line":4,"column":20},"end":{"line":6,"column":1}},"3":{"start":{"line":5,"column":2},"end":{"line":5,"column":68}},"4":{"start":{"line":9,"column":18},"end":{"line":23,"column":1}},"5":{"start":{"line":11,"column":30},"end":{"line":11,"column":38}},"6":{"start":{"line":13,"column":2},"end":{"line":22,"column":3}},"7":{"start":{"line":14,"column":17},"end":{"line":14,"column":50}},"8":{"start":{"line":17,"column":18},"end":{"line":17,"column":39}},"9":{"start":{"line":19,"column":4},"end":{"line":19,"column":40}},"10":{"start":{"line":21,"column":4},"end":{"line":21,"column":48}},"11":{"start":{"line":26,"column":19},"end":{"line":41,"column":1}},"12":{"start":{"line":28,"column":51},"end":{"line":28,"column":59}},"13":{"start":{"line":30,"column":2},"end":{"line":39,"column":3}},"14":{"start":{"line":31,"column":17},"end":{"line":31,"column":72}},"15":{"start":{"line":34,"column":18},"end":{"line":34,"column":39}},"16":{"start":{"line":36,"column":4},"end":{"line":36,"column":41}},"17":{"start":{"line":38,"column":4},"end":{"line":38,"column":51}},"18":{"start":{"line":40,"column":2},"end":{"line":40,"column":43}},"19":{"start":{"line":44,"column":19},"end":{"line":46,"column":1}},"20":{"start":{"line":45,"column":2},"end":{"line":45,"column":43}},"21":{"start":{"line":49,"column":0},"end":{"line":53,"column":1}}},"fnMap":{"0":{"name":"(anonymous_0)","decl":{"start":{"line":4,"column":20},"end":{"line":4,"column":21}},"loc":{"start":{"line":4,"column":29},"end":{"line":6,"column":1}},"line":4},"1":{"name":"(anonymous_1)","decl":{"start":{"line":9,"column":18},"end":{"line":9,"column":19}},"loc":{"start":{"line":9,"column":37},"end":{"line":23,"column":1}},"line":9},"2":{"name":"(anonymous_2)","decl":{"start":{"line":26,"column":19},"end":{"line":26,"column":20}},"loc":{"start":{"line":26,"column":39},"end":{"line":41,"column":1}},"line":26},"3":{"name":"(anonymous_3)","decl":{"start":{"line":44,"column":19},"end":{"line":44,"column":20}},"loc":{"start":{"line":44,"column":33},"end":{"line":46,"column":1}},"line":44}},"branchMap":{},"s":{"0":2,"1":2,"2":2,"3":0,"4":2,"5":0,"6":0,"7":0,"8":0,"9":0,"10":0,"11":2,"12":0,"13":0,"14":0,"15":0,"16":0,"17":0,"18":0,"19":2,"20":0,"21":2},"f":{"0":0,"1":0,"2":0,"3":0},"b":{},"_coverageSchema":"1a1c01bbd47fc00a2c39e90264f33305004495a9","hash":"4df1fee96bee3c7f854f484cccb2534890b20713"}
,"/app/models/ChildrenModel.js": {"path":"/app/models/ChildrenModel.js","statementMap":{"0":{"start":{"line":1,"column":17},"end":{"line":1,"column":36}},"1":{"start":{"line":2,"column":19},"end":{"line":2,"column":27}},"2":{"start":{"line":4,"column":20},"end":{"line":28,"column":2}},"3":{"start":{"line":30,"column":0},"end":{"line":30,"column":54}}},"fnMap":{},"branchMap":{},"s":{"0":0,"1":0,"2":0,"3":0},"f":{},"b":{}}
,"/app/models/GenerationRequestModel.js": {"path":"/app/models/GenerationRequestModel.js","statementMap":{"0":{"start":{"line":1,"column":17},"end":{"line":1,"column":36}},"1":{"start":{"line":2,"column":19},"end":{"line":2,"column":27}},"2":{"start":{"line":4,"column":32},"end":{"line":48,"column":2}},"3":{"start":{"line":9,"column":19},"end":{"line":9,"column":81}},"4":{"start":{"line":50,"column":0},"end":{"line":50,"column":78}}},"fnMap":{"0":{"name":"(anonymous_0)","decl":{"start":{"line":9,"column":13},"end":{"line":9,"column":14}},"loc":{"start":{"line":9,"column":19},"end":{"line":9,"column":81}},"line":9}},"branchMap":{},"s":{"0":0,"1":0,"2":0,"3":0,"4":0},"f":{"0":0},"b":{}}
,"/app/models/ParentalControlsModel.js": {"path":"/app/models/ParentalControlsModel.js","statementMap":{"0":{"start":{"line":1,"column":17},"end":{"line":1,"column":36}},"1":{"start":{"line":2,"column":19},"end":{"line":2,"column":27}},"2":{"start":{"line":4,"column":31},"end":{"line":26,"column":2}},"3":{"start":{"line":28,"column":0},"end":{"line":28,"column":76}}},"fnMap":{},"branchMap":{},"s":{"0":0,"1":0,"2":0,"3":0},"f":{},"b":{}}
,"/app/models/ReadingStatsModel.js": {"path":"/app/models/ReadingStatsModel.js","statementMap":{"0":{"start":{"line":1,"column":17},"end":{"line":1,"column":36}},"1":{"start":{"line":2,"column":19},"end":{"line":2,"column":27}},"2":{"start":{"line":4,"column":27},"end":{"line":30,"column":2}},"3":{"start":{"line":32,"column":0},"end":{"line":32,"column":68}}},"fnMap":{},"branchMap":{},"s":{"0":0,"1":0,"2":0,"3":0},"f":{},"b":{}}
,"/app/models/StoryModel.js": {"path":"/app/models/StoryModel.js","statementMap":{"0":{"start":{"line":1,"column":17},"end":{"line":1,"column":36}},"1":{"start":{"line":2,"column":19},"end":{"line":2,"column":27}},"2":{"start":{"line":4,"column":20},"end":{"line":102,"column":2}},"3":{"start":{"line":9,"column":19},"end":{"line":9,"column":83}},"4":{"start":{"line":104,"column":0},"end":{"line":104,"column":54}}},"fnMap":{"0":{"name":"(anonymous_0)","decl":{"start":{"line":9,"column":13},"end":{"line":9,"column":14}},"loc":{"start":{"line":9,"column":19},"end":{"line":9,"column":83}},"line":9}},"branchMap":{},"s":{"0":0,"1":0,"2":0,"3":0,"4":0},"f":{"0":0},"b":{}}
,"/app/models/StoryTemplateModel.js": {"path":"/app/models/StoryTemplateModel.js","statementMap":{"0":{"start":{"line":1,"column":17},"end":{"line":1,"column":36}},"1":{"start":{"line":2,"column":19},"end":{"line":2,"column":27}},"2":{"start":{"line":4,"column":28},"end":{"line":52,"column":2}},"3":{"start":{"line":54,"column":0},"end":{"line":54,"column":70}}},"fnMap":{},"branchMap":{},"s":{"0":0,"1":0,"2":0,"3":0},"f":{},"b":{}}
,"/app/models/UserModel.js": {"path":"/app/models/UserModel.js","statementMap":{"0":{"start":{"line":1,"column":17},"end":{"line":1,"column":36}},"1":{"start":{"line":2,"column":15},"end":{"line":2,"column":32}},"2":{"start":{"line":3,"column":18},"end":{"line":3,"column":38}},"3":{"start":{"line":5,"column":19},"end":{"line":5,"column":27}},"4":{"start":{"line":7,"column":19},"end":{"line":46,"column":2}},"5":{"start":{"line":48,"column":0},"end":{"line":74,"column":2}},"6":{"start":{"line":50,"column":2},"end":{"line":52,"column":3}},"7":{"start":{"line":51,"column":4},"end":{"line":51,"column":45}},"8":{"start":{"line":52,"column":3},"end":{"line":54,"column":3}},"9":{"start":{"line":53,"column":4},"end":{"line":53,"column":38}},"10":{"start":{"line":56,"column":2},"end":{"line":58,"column":3}},"11":{"start":{"line":57,"column":4},"end":{"line":57,"column":50}},"12":{"start":{"line":61,"column":17},"end":{"line":61,"column":46}},"13":{"start":{"line":62,"column":2},"end":{"line":64,"column":3}},"14":{"start":{"line":63,"column":4},"end":{"line":63,"column":40}},"15":{"start":{"line":67,"column":15},"end":{"line":67,"column":39}},"16":{"start":{"line":68,"column":15},"end":{"line":68,"column":48}},"17":{"start":{"line":71,"column":15},"end":{"line":71,"column":80}},"18":{"start":{"line":73,"column":2},"end":{"line":73,"column":14}},"19":{"start":{"line":77,"column":0},"end":{"line":124,"column":2}},"20":{"start":{"line":79,"column":15},"end":{"line":79,"column":44}},"21":{"start":{"line":81,"column":2},"end":{"line":83,"column":3}},"22":{"start":{"line":82,"column":4},"end":{"line":82,"column":113}},"23":{"start":{"line":86,"column":2},"end":{"line":89,"column":3}},"24":{"start":{"line":87,"column":30},"end":{"line":87,"column":84}},"25":{"start":{"line":88,"column":4},"end":{"line":88,"column":131}},"26":{"start":{"line":92,"column":16},"end":{"line":92,"column":61}},"27":{"start":{"line":94,"column":2},"end":{"line":114,"column":3}},"28":{"start":{"line":96,"column":20},"end":{"line":96,"column":50}},"29":{"start":{"line":99,"column":24},"end":{"line":99,"column":25}},"30":{"start":{"line":100,"column":21},"end":{"line":100,"column":34}},"31":{"start":{"line":102,"column":4},"end":{"line":104,"column":5}},"32":{"start":{"line":103,"column":6},"end":{"line":103,"column":58}},"33":{"start":{"line":106,"column":4},"end":{"line":106,"column":52}},"34":{"start":{"line":108,"column":25},"end":{"line":108,"column":63}},"35":{"start":{"line":109,"column":4},"end":{"line":113,"column":5}},"36":{"start":{"line":110,"column":6},"end":{"line":110,"column":147}},"37":{"start":{"line":112,"column":6},"end":{"line":112,"column":148}},"38":{"start":{"line":117,"column":2},"end":{"line":121,"column":3}},"39":{"start":{"line":118,"column":4},"end":{"line":120,"column":7}},"40":{"start":{"line":123,"column":2},"end":{"line":123,"column":14}},"41":{"start":{"line":126,"column":0},"end":{"line":126,"column":52}}},"fnMap":{"0":{"name":"(anonymous_0)","decl":{"start":{"line":48,"column":28},"end":{"line":48,"column":29}},"loc":{"start":{"line":48,"column":81},"end":{"line":74,"column":1}},"line":48},"1":{"name":"(anonymous_1)","decl":{"start":{"line":77,"column":27},"end":{"line":77,"column":28}},"loc":{"start":{"line":77,"column":59},"end":{"line":124,"column":1}},"line":77}},"branchMap":{"0":{"loc":{"start":{"line":50,"column":2},"end":{"line":52,"column":3}},"type":"if","locations":[{"start":{"line":50,"column":2},"end":{"line":52,"column":3}},{"start":{},"end":{}}],"line":50},"1":{"loc":{"start":{"line":50,"column":6},"end":{"line":50,"column":52}},"type":"binary-expr","locations":[{"start":{"line":50,"column":6},"end":{"line":50,"column":12}},{"start":{"line":50,"column":16},"end":{"line":50,"column":25}},{"start":{"line":50,"column":29},"end":{"line":50,"column":39}},{"start":{"line":50,"column":43},"end":{"line":50,"column":52}}],"line":50},"2":{"loc":{"start":{"line":52,"column":3},"end":{"line":54,"column":3}},"type":"if","locations":[{"start":{"line":52,"column":3},"end":{"line":54,"column":3}},{"start":{},"end":{}}],"line":52},"3":{"loc":{"start":{"line":56,"column":2},"end":{"line":58,"column":3}},"type":"if","locations":[{"start":{"line":56,"column":2},"end":{"line":58,"column":3}},{"start":{},"end":{}}],"line":56},"4":{"loc":{"start":{"line":62,"column":2},"end":{"line":64,"column":3}},"type":"if","locations":[{"start":{"line":62,"column":2},"end":{"line":64,"column":3}},{"start":{},"end":{}}],"line":62},"5":{"loc":{"start":{"line":81,"column":2},"end":{"line":83,"column":3}},"type":"if","locations":[{"start":{"line":81,"column":2},"end":{"line":83,"column":3}},{"start":{},"end":{}}],"line":81},"6":{"loc":{"start":{"line":86,"column":2},"end":{"line":89,"column":3}},"type":"if","locations":[{"start":{"line":86,"column":2},"end":{"line":89,"column":3}},{"start":{},"end":{}}],"line":86},"7":{"loc":{"start":{"line":86,"column":6},"end":{"line":86,"column":51}},"type":"binary-expr","locations":[{"start":{"line":86,"column":6},"end":{"line":86,"column":20}},{"start":{"line":86,"column":24},"end":{"line":86,"column":51}}],"line":86},"8":{"loc":{"start":{"line":94,"column":2},"end":{"line":114,"column":3}},"type":"if","locations":[{"start":{"line":94,"column":2},"end":{"line":114,"column":3}},{"start":{},"end":{}}],"line":94},"9":{"loc":{"start":{"line":102,"column":4},"end":{"line":104,"column":5}},"type":"if","locations":[{"start":{"line":102,"column":4},"end":{"line":104,"column":5}},{"start":{},"end":{}}],"line":102},"10":{"loc":{"start":{"line":102,"column":8},"end":{"line":102,"column":97}},"type":"binary-expr","locations":[{"start":{"line":102,"column":8},"end":{"line":102,"column":45}},{"start":{"line":102,"column":50},"end":{"line":102,"column":65}},{"start":{"line":102,"column":69},"end":{"line":102,"column":96}}],"line":102},"11":{"loc":{"start":{"line":109,"column":4},"end":{"line":113,"column":5}},"type":"if","locations":[{"start":{"line":109,"column":4},"end":{"line":113,"column":5}},{"start":{"line":111,"column":11},"end":{"line":113,"column":5}}],"line":109},"12":{"loc":{"start":{"line":117,"column":2},"end":{"line":121,"column":3}},"type":"if","locations":[{"start":{"line":117,"column":2},"end":{"line":121,"column":3}},{"start":{},"end":{}}],"line":117},"13":{"loc":{"start":{"line":117,"column":6},"end":{"line":117,"column":46}},"type":"binary-expr","locations":[{"start":{"line":117,"column":6},"end":{"line":117,"column":28}},{"start":{"line":117,"column":32},"end":{"line":117,"column":46}}],"line":117}},"s":{"0":3,"1":3,"2":3,"3":3,"4":3,"5":3,"6":0,"7":0,"8":0,"9":0,"10":0,"11":0,"12":0,"13":0,"14":0,"15":0,"16":0,"17":0,"18":0,"19":3,"20":0,"21":0,"22":0,"23":0,"24":0,"25":0,"26":0,"27":0,"28":0,"29":0,"30":0,"31":0,"32":0,"33":0,"34":0,"35":0,"36":0,"37":0,"38":0,"39":0,"40":0,"41":3},"f":{"0":0,"1":0},"b":{"0":[0,0],"1":[0,0,0,0],"2":[0,0],"3":[0,0],"4":[0,0],"5":[0,0],"6":[0,0],"7":[0,0],"8":[0,0],"9":[0,0],"10":[0,0,0],"11":[0,0],"12":[0,0],"13":[0,0]},"_coverageSchema":"1a1c01bbd47fc00a2c39e90264f33305004495a9","hash":"2c3d8c1a03598253ef4802252c6f1e401714c3a6"}
,"/app/routes/story.js": {"path":"/app/routes/story.js","statementMap":{"0":{"start":{"line":1,"column":16},"end":{"line":1,"column":34}},"1":{"start":{"line":2,"column":15},"end":{"line":2,"column":31}},"2":{"start":{"line":3,"column":31},"end":{"line":3,"column":74}},"3":{"start":{"line":4,"column":24},"end":{"line":4,"column":60}},"4":{"start":{"line":11,"column":4},"end":{"line":11,"column":45}},"5":{"start":{"line":14,"column":0},"end":{"line":14,"column":24}},"6":{"start":{"line":17,"column":0},"end":{"line":17,"column":68}},"7":{"start":{"line":20,"column":0},"end":{"line":20,"column":32}},"8":{"start":{"line":23,"column":0},"end":{"line":23,"column":29}},"9":{"start":{"line":26,"column":0},"end":{"line":26,"column":36}},"10":{"start":{"line":29,"column":0},"end":{"line":29,"column":35}},"11":{"start":{"line":31,"column":0},"end":{"line":31,"column":24}}},"fnMap":{},"branchMap":{},"s":{"0":0,"1":0,"2":0,"3":0,"4":0,"5":0,"6":0,"7":0,"8":0,"9":0,"10":0,"11":0},"f":{},"b":{}}
,"/app/routes/user.js": {"path":"/app/routes/user.js","statementMap":{"0":{"start":{"line":1,"column":16},"end":{"line":1,"column":34}},"1":{"start":{"line":4,"column":62},"end":{"line":4,"column":102}},"2":{"start":{"line":5,"column":15},"end":{"line":5,"column":31}},"3":{"start":{"line":8,"column":0},"end":{"line":8,"column":33}},"4":{"start":{"line":11,"column":0},"end":{"line":11,"column":35}},"5":{"start":{"line":14,"column":0},"end":{"line":14,"column":35}},"6":{"start":{"line":17,"column":0},"end":{"line":18,"column":3}},"7":{"start":{"line":20,"column":0},"end":{"line":20,"column":24}}},"fnMap":{"0":{"name":"(anonymous_0)","decl":{"start":{"line":17,"column":23},"end":{"line":17,"column":24}},"loc":{"start":{"line":17,"column":37},"end":{"line":18,"column":1}},"line":17}},"branchMap":{},"s":{"0":2,"1":2,"2":2,"3":2,"4":2,"5":2,"6":2,"7":2},"f":{"0":0},"b":{},"_coverageSchema":"1a1c01bbd47fc00a2c39e90264f33305004495a9","hash":"53f612b0ab13bafeeef1225bc247dcd910789bd0"}
}
